<?xml version="1.0" encoding="utf-8"?><testsuites name="pytest tests"><testsuite name="pytest" errors="0" failures="0" skipped="0" tests="31" time="8.029" timestamp="2026-04-26T23:24:03.002351-04:00" hostname="Karthiks-MacBook-Air.local"><testcase classname="tests.integration.test_anonymize_integration.TestProcessDirectory" name="test_processes_all_images" time="0.134" /><testcase classname="tests.integration.test_anonymize_integration.TestProcessDirectory" name="test_non_image_files_ignored" time="0.056" /><testcase classname="tests.integration.test_anonymize_integration.TestProcessDirectory" name="test_empty_directory_returns_zero_stats" time="0.030" /><testcase classname="tests.integration.test_anonymize_integration.TestProcessDirectory" name="test_output_dir_created_if_missing" time="0.055" /><testcase classname="tests.integration.test_anonymize_integration.TestManifestCaching" name="test_second_run_skips_processed_images" time="0.056" /><testcase classname="tests.integration.test_anonymize_integration.TestManifestCaching" name="test_new_image_processed_on_rerun" time="0.057" /><testcase classname="tests.integration.test_anonymize_integration.TestManifestCaching" name="test_modified_image_reprocessed" time="0.060" /><testcase classname="tests.integration.test_anonymize_integration.TestManifestCaching" name="test_manifest_file_created" time="0.056" /><testcase classname="tests.integration.test_anonymize_integration.TestForceMode" name="test_force_reprocesses_all" time="0.077" /><testcase classname="tests.integration.test_anonymize_integration.TestMultiFormat" name="test_jpg_png_jpeg_all_produce_output" time="0.056" /><testcase classname="tests.integration.test_anonymize_integration.TestMultiFormat" name="test_bmp_format_supported" time="0.030" /><testcase classname="tests.integration.test_anonymize_integration.TestMultiFormat" name="test_output_always_jpg" time="0.056" /><testcase classname="tests.integration.test_anonymize_integration.TestOutputIntegrity" name="test_output_images_are_readable" time="0.057" /><testcase classname="tests.integration.test_anonymize_integration.TestOutputIntegrity" name="test_output_dimensions_match_input" time="0.039" /><testcase classname="tests.integration.test_anonymize_integration.TestManifestPersistence" name="test_manifest_survives_across_separate_calls" time="0.056" /><testcase classname="tests.integration.test_ocr_pipeline_integration.TestOcrPipelineEndToEnd" name="test_digit_extraction_from_rendered_text" time="3.255" /><testcase classname="tests.integration.test_ocr_pipeline_integration.TestOcrPipelineEndToEnd" name="test_multi_digit_sign" time="0.553" /><testcase classname="tests.integration.test_ocr_pipeline_integration.TestOcrPipelineEndToEnd" name="test_crop_region_has_valid_dimensions" time="0.002" /><testcase classname="tests.integration.test_ocr_pipeline_integration.TestOcrPipelineEndToEnd" name="test_preprocessing_produces_grayscale" time="0.002" /><testcase classname="tests.integration.test_ocr_pipeline_integration.TestSanitizeIntegration" name="test_sanitize_extracts_digits_from_ocr_output" time="0.895" /><testcase classname="tests.integration.test_ocr_pipeline_integration.TestSanitizeIntegration" name="test_empty_sign_produces_empty_sanitized" time="0.292" /><testcase classname="tests.integration.test_split_dataset_integration.TestSplitPipeline" name="test_valid_and_test_dirs_created" time="0.016" /><testcase classname="tests.integration.test_split_dataset_integration.TestSplitPipeline" name="test_total_count_preserved" time="0.015" /><testcase classname="tests.integration.test_split_dataset_integration.TestSplitPipeline" name="test_every_image_has_matching_label" time="0.015" /><testcase classname="tests.integration.test_split_dataset_integration.TestSplitPipeline" name="test_moved_files_no_longer_in_train" time="0.014" /><testcase classname="tests.integration.test_split_dataset_integration.TestSplitPipeline" name="test_train_has_approximately_70_percent" time="0.013" /><testcase classname="tests.integration.test_split_dataset_integration.TestSplitPipeline" name="test_valid_has_approximately_20_percent" time="0.013" /><testcase classname="tests.integration.test_split_dataset_integration.TestSplitPipeline" name="test_test_has_approximately_10_percent" time="0.012" /><testcase classname="tests.integration.test_split_dataset_integration.TestSplitPipeline" name="test_no_empty_pairs_dir_raises" time="0.010" /><testcase classname="tests.integration.test_split_dataset_integration.TestCollectPairsIntegration" name="test_only_matched_pairs_collected" time="0.002" /><testcase classname="tests.integration.test_split_dataset_integration.TestCollectPairsIntegration" name="test_pairs_are_sorted" time="0.002" /></testsuite></testsuites>