<?xml version="1.0" encoding="utf-8"?><testsuites name="pytest tests"><testsuite name="pytest" errors="0" failures="0" skipped="0" tests="65" time="21.996" timestamp="2026-04-26T23:24:02.185506-04:00" hostname="Karthiks-MacBook-Air.local"><testcase classname="tests.unit.test_anonymize_unit.TestMergeOverlapping" name="test_empty_input_returns_empty" time="0.037" /><testcase classname="tests.unit.test_anonymize_unit.TestMergeOverlapping" name="test_single_box_returned_unchanged" time="0.000" /><testcase classname="tests.unit.test_anonymize_unit.TestMergeOverlapping" name="test_non_overlapping_boxes_all_kept" time="0.000" /><testcase classname="tests.unit.test_anonymize_unit.TestMergeOverlapping" name="test_identical_boxes_merged_to_one" time="0.000" /><testcase classname="tests.unit.test_anonymize_unit.TestMergeOverlapping" name="test_partially_overlapping_boxes_merged" time="0.000" /><testcase classname="tests.unit.test_anonymize_unit.TestMergeOverlapping" name="test_custom_threshold_respected" time="0.000" /><testcase classname="tests.unit.test_anonymize_unit.TestApplyBlur" name="test_no_boxes_returns_identical_copy" time="0.001" /><testcase classname="tests.unit.test_anonymize_unit.TestApplyBlur" name="test_blur_modifies_only_bbox_region" time="0.011" /><testcase classname="tests.unit.test_anonymize_unit.TestApplyBlur" name="test_bbox_with_padding_does_not_exceed_image_bounds" time="0.009" /><testcase classname="tests.unit.test_anonymize_unit.TestApplyBlur" name="test_multiple_boxes_all_blurred" time="0.010" /><testcase classname="tests.unit.test_anonymize_unit.TestApplyBlur" name="test_blur_uses_gaussian" time="0.008" /><testcase classname="tests.unit.test_anonymize_unit.TestFileHash" name="test_deterministic_for_same_content" time="0.003" /><testcase classname="tests.unit.test_anonymize_unit.TestFileHash" name="test_matches_known_sha256" time="0.001" /><testcase classname="tests.unit.test_anonymize_unit.TestFileHash" name="test_different_content_different_hash" time="0.001" /><testcase classname="tests.unit.test_anonymize_unit.TestManifestIO" name="test_load_nonexistent_returns_empty_dict" time="0.001" /><testcase classname="tests.unit.test_anonymize_unit.TestManifestIO" name="test_round_trip" time="0.001" /><testcase classname="tests.unit.test_anonymize_unit.TestManifestIO" name="test_load_existing_manifest" time="0.001" /><testcase classname="tests.unit.test_anonymize_unit.TestDetectFacesHaar" name="test_no_faces_in_solid_image" time="0.071" /><testcase classname="tests.unit.test_anonymize_unit.TestDetectFacesHaar" name="test_no_faces_in_gradient_image" time="0.044" /><testcase classname="tests.unit.test_anonymize_unit.TestDetectFacesHaar" name="test_returns_list_of_four_tuples" time="0.042" /><testcase classname="tests.unit.test_anonymize_unit.TestDetectFacesMediapipe" name="test_no_detections_returns_empty" time="0.001" /><testcase classname="tests.unit.test_anonymize_unit.TestDetectFacesMediapipe" name="test_detections_converted_to_pixel_coords" time="0.001" /><testcase classname="tests.unit.test_anonymize_unit.TestProcessImage" name="test_creates_output_file" time="0.033" /><testcase classname="tests.unit.test_anonymize_unit.TestProcessImage" name="test_output_is_valid_image" time="0.049" /><testcase classname="tests.unit.test_anonymize_unit.TestProcessImage" name="test_invalid_image_raises" time="0.028" /><testcase classname="tests.unit.test_anonymize_unit.TestProcessImage" name="test_creates_parent_directories" time="0.032" /><testcase classname="tests.unit.test_anonymize_unit.TestLoadDetector" name="test_falls_back_to_haar_when_mediapipe_missing" time="0.028" /><testcase classname="tests.unit.test_anonymize_unit.TestLoadDetector" name="test_returns_valid_detector_type" time="19.451" /><testcase classname="tests.unit.test_anonymize_unit.TestLoadDetector" name="test_haar_detector_loads_cascades" time="0.028" /><testcase classname="tests.unit.test_anonymize_unit.TestLoadDetector" name="test_mediapipe_returns_none_when_unavailable" time="0.000" /><testcase classname="tests.unit.test_anonymize_unit.TestConstants" name="test_supported_extensions_are_lowercase" time="0.000" /><testcase classname="tests.unit.test_anonymize_unit.TestConstants" name="test_common_formats_included" time="0.000" /><testcase classname="tests.unit.test_anonymize_unit.TestConstants" name="test_blur_kernel_is_odd" time="0.000" /><testcase classname="tests.unit.test_ocr_preprocessing_unit.TestParsePolygonLabels" name="test_single_polygon" time="0.001" /><testcase classname="tests.unit.test_ocr_preprocessing_unit.TestParsePolygonLabels" name="test_multiple_polygons" time="0.001" /><testcase classname="tests.unit.test_ocr_preprocessing_unit.TestParsePolygonLabels" name="test_malformed_short_line_skipped" time="0.001" /><testcase classname="tests.unit.test_ocr_preprocessing_unit.TestParsePolygonLabels" name="test_empty_file_returns_empty" time="0.001" /><testcase classname="tests.unit.test_ocr_preprocessing_unit.TestParsePolygonLabels" name="test_coordinates_are_floats" time="0.001" /><testcase classname="tests.unit.test_ocr_preprocessing_unit.TestParsePolygonLabels" name="test_coordinate_values_match_input" time="0.001" /><testcase classname="tests.unit.test_ocr_preprocessing_unit.TestPolygonToBbox" name="test_simple_rectangle" time="0.000" /><testcase classname="tests.unit.test_ocr_preprocessing_unit.TestPolygonToBbox" name="test_triangle" time="0.000" /><testcase classname="tests.unit.test_ocr_preprocessing_unit.TestPreprocessForOcr" name="test_output_is_single_channel" time="0.001" /><testcase classname="tests.unit.test_ocr_preprocessing_unit.TestPreprocessForOcr" name="test_small_crop_upscaled" time="0.001" /><testcase classname="tests.unit.test_ocr_preprocessing_unit.TestPreprocessForOcr" name="test_large_crop_not_resized" time="0.001" /><testcase classname="tests.unit.test_ocr_preprocessing_unit.TestPreprocessForOcr" name="test_output_dtype_uint8" time="0.001" /><testcase classname="tests.unit.test_ocr_preprocessing_unit.TestPreprocessForOcr" name="test_pixel_values_in_range" time="0.001" /><testcase classname="tests.unit.test_ocr_preprocessing_unit.TestPreprocessForOcr" name="test_clahe_changes_pixel_values" time="0.001" /><testcase classname="tests.unit.test_ocr_preprocessing_unit.TestCropSign" name="test_crop_dimensions_reasonable" time="0.000" /><testcase classname="tests.unit.test_ocr_preprocessing_unit.TestCropSign" name="test_full_image_bbox" time="0.000" /><testcase classname="tests.unit.test_ocr_preprocessing_unit.TestCropSign" name="test_padding_does_not_exceed_image_bounds" time="0.000" /><testcase classname="tests.unit.test_ocr_preprocessing_unit.TestSanitizeOcrText" name="test_extracts_room_number" time="0.000" /><testcase classname="tests.unit.test_ocr_preprocessing_unit.TestSanitizeOcrText" name="test_extracts_number_with_letter" time="0.000" /><testcase classname="tests.unit.test_ocr_preprocessing_unit.TestSanitizeOcrText" name="test_no_digits_returns_empty" time="0.000" /><testcase classname="tests.unit.test_ocr_preprocessing_unit.TestSanitizeOcrText" name="test_multiple_numbers" time="0.000" /><testcase classname="tests.unit.test_ocr_preprocessing_unit.TestSanitizeOcrText" name="test_empty_input" time="0.000" /><testcase classname="tests.unit.test_split_dataset_unit.TestSplitListRatios" name="test_100_items_produces_correct_counts" time="0.000" /><testcase classname="tests.unit.test_split_dataset_unit.TestSplitListRatios" name="test_small_dataset_still_splits" time="0.000" /><testcase classname="tests.unit.test_split_dataset_unit.TestSplitListRatios" name="test_single_item_assigned_to_one_split" time="0.000" /><testcase classname="tests.unit.test_split_dataset_unit.TestSplitListRatios" name="test_large_dataset_ratios_within_tolerance" time="0.001" /><testcase classname="tests.unit.test_split_dataset_unit.TestSplitListDeterminism" name="test_two_calls_produce_identical_splits" time="0.000" /><testcase classname="tests.unit.test_split_dataset_unit.TestSplitListDeterminism" name="test_same_input_same_output" time="0.000" /><testcase classname="tests.unit.test_split_dataset_unit.TestSplitListIntegrity" name="test_no_duplicates_across_splits" time="0.000" /><testcase classname="tests.unit.test_split_dataset_unit.TestSplitListIntegrity" name="test_all_stems_preserved" time="0.000" /><testcase classname="tests.unit.test_split_dataset_unit.TestSplitListIntegrity" name="test_splits_are_disjoint" time="0.000" /><testcase classname="tests.unit.test_split_dataset_unit.TestSplitListIntegrity" name="test_returns_three_keys" time="0.000" /></testsuite></testsuites>